f:\behm\github\itu-r-hf\p533\win32\p533\release\vc142.pdb
f:\behm\github\itu-r-hf\p533\win32\p533\release\validatepath.obj
f:\behm\github\itu-r-hf\p533\win32\p533\release\readtype13.obj
f:\behm\github\itu-r-hf\p533\win32\p533\release\readp1239.obj
f:\behm\github\itu-r-hf\p533\win32\p533\release\readionparameters.obj
f:\behm\github\itu-r-hf\p533\win32\p533\release\pathmemory.obj
f:\behm\github\itu-r-hf\p533\win32\p533\release\p533.obj
f:\behm\github\itu-r-hf\p533\win32\p533\release\mufvariability.obj
f:\behm\github\itu-r-hf\p533\win32\p533\release\mufoperational.obj
f:\behm\github\itu-r-hf\p533\win32\p533\release\mufbasic.obj
f:\behm\github\itu-r-hf\p533\win32\p533\release\medianskywavefieldstrengthshort.obj
f:\behm\github\itu-r-hf\p533\win32\p533\release\medianskywavefieldstrengthlong.obj
f:\behm\github\itu-r-hf\p533\win32\p533\release\medianavailablereceiverpower.obj
f:\behm\github\itu-r-hf\p533\win32\p533\release\magfit.obj
f:\behm\github\itu-r-hf\p533\win32\p533\release\inputdump.obj
f:\behm\github\itu-r-hf\p533\win32\p533\release\initializepath.obj
f:\behm\github\itu-r-hf\p533\win32\p533\release\geometry.obj
f:\behm\github\itu-r-hf\p533\win32\p533\release\elayerscreeningfrequency.obj
f:\behm\github\itu-r-hf\p533\win32\p533\release\circuitreliability.obj
f:\behm\github\itu-r-hf\p533\win32\p533\release\calculatecpparameters.obj
f:\behm\github\itu-r-hf\p533\win32\p533\release\between7000kmand9000km.obj
f:\behm\github\itu-r-hf\iturhfprop\win32\combined\release\p533.dll
f:\behm\github\itu-r-hf\iturhfprop\win32\combined\release\p533.pdb
f:\behm\github\itu-r-hf\iturhfprop\win32\combined\release\p533.lib
f:\behm\github\itu-r-hf\iturhfprop\win32\combined\release\p533.exp
f:\behm\github\itu-r-hf\iturhfprop\win32\combined\release\p533.ipdb
f:\behm\github\itu-r-hf\iturhfprop\win32\combined\release\p533.iobj
f:\behm\github\itu-r-hf\p533\win32\p533\release\p533.tlog\cl.read.1.tlog
f:\behm\github\itu-r-hf\p533\win32\p533\release\p533.tlog\cl.write.1.tlog
f:\behm\github\itu-r-hf\p533\win32\p533\release\p533.tlog\cl.command.1.tlog
f:\behm\github\itu-r-hf\p533\win32\p533\release\p533.tlog\link.read.1.tlog
f:\behm\github\itu-r-hf\p533\win32\p533\release\p533.tlog\link.write.1.tlog
f:\behm\github\itu-r-hf\p533\win32\p533\release\p533.tlog\link.command.1.tlog
f:\behm\github\itu-r-hf\p533\win32\p533\release\p533.tlog\p533.write.1u.tlog
