c:\users\cbehm\documents\github\itu-r-hf\p533\win32\p533\debug\vc142.pdb
c:\users\cbehm\documents\github\itu-r-hf\p533\win32\p533\debug\vc142.idb
c:\users\cbehm\documents\github\itu-r-hf\p533\win32\p533\debug\validatepath.obj
c:\users\cbehm\documents\github\itu-r-hf\p533\win32\p533\debug\readtype13.obj
c:\users\cbehm\documents\github\itu-r-hf\p533\win32\p533\debug\readp1239.obj
c:\users\cbehm\documents\github\itu-r-hf\p533\win32\p533\debug\readionparameters.obj
c:\users\cbehm\documents\github\itu-r-hf\p533\win32\p533\debug\pathmemory.obj
c:\users\cbehm\documents\github\itu-r-hf\p533\win32\p533\debug\p533.obj
c:\users\cbehm\documents\github\itu-r-hf\p533\win32\p533\debug\medianskywavefieldstrengthshort.obj
c:\users\cbehm\documents\github\itu-r-hf\p533\win32\p533\debug\medianskywavefieldstrengthlong.obj
c:\users\cbehm\documents\github\itu-r-hf\p533\win32\p533\debug\medianavailablereceiverpower.obj
c:\users\cbehm\documents\github\itu-r-hf\p533\win32\p533\debug\magfit.obj
c:\users\cbehm\documents\github\itu-r-hf\p533\win32\p533\debug\mufvariability.obj
c:\users\cbehm\documents\github\itu-r-hf\p533\win32\p533\debug\mufoperational.obj
c:\users\cbehm\documents\github\itu-r-hf\p533\win32\p533\debug\mufbasic.obj
c:\users\cbehm\documents\github\itu-r-hf\p533\win32\p533\debug\inputdump.obj
c:\users\cbehm\documents\github\itu-r-hf\p533\win32\p533\debug\initializepath.obj
c:\users\cbehm\documents\github\itu-r-hf\p533\win32\p533\debug\geometry.obj
c:\users\cbehm\documents\github\itu-r-hf\p533\win32\p533\debug\elayerscreeningfrequency.obj
c:\users\cbehm\documents\github\itu-r-hf\p533\win32\p533\debug\circuitreliability.obj
c:\users\cbehm\documents\github\itu-r-hf\p533\win32\p533\debug\calculatecpparameters.obj
c:\users\cbehm\documents\github\itu-r-hf\p533\win32\p533\debug\between7000kmand9000km.obj
c:\users\cbehm\documents\github\itu-r-hf\iturhfprop\win32\combined\debug\p533.dll
c:\users\cbehm\documents\github\itu-r-hf\iturhfprop\win32\combined\debug\p533.ilk
c:\users\cbehm\documents\github\itu-r-hf\iturhfprop\win32\combined\debug\p533.pdb
c:\users\cbehm\documents\github\itu-r-hf\iturhfprop\win32\combined\debug\p533.lib
c:\users\cbehm\documents\github\itu-r-hf\iturhfprop\win32\combined\debug\p533.exp
c:\users\cbehm\documents\github\itu-r-hf\p533\win32\p533\debug\p533.tlog\cl.command.1.tlog
c:\users\cbehm\documents\github\itu-r-hf\p533\win32\p533\debug\p533.tlog\cl.read.1.tlog
c:\users\cbehm\documents\github\itu-r-hf\p533\win32\p533\debug\p533.tlog\cl.write.1.tlog
c:\users\cbehm\documents\github\itu-r-hf\p533\win32\p533\debug\p533.tlog\link.command.1.tlog
c:\users\cbehm\documents\github\itu-r-hf\p533\win32\p533\debug\p533.tlog\link.read.1.tlog
c:\users\cbehm\documents\github\itu-r-hf\p533\win32\p533\debug\p533.tlog\link.write.1.tlog
c:\users\cbehm\documents\github\itu-r-hf\p533\win32\p533\debug\p533.tlog\p533.write.1u.tlog
