          1 file(s) copied.
          1 file(s) copied.
  Between7000kmand9000km.c
  CalculateCPParameters.c
  CircuitReliability.c
  ELayerScreeningFrequency.c
  Geometry.c
  InitializePath.c
  InputDump.c
  Magfit.c
  MedianAvailableReceiverPower.c
  MedianSkywaveFieldStrengthLong.c
  MedianSkywaveFieldStrengthShort.c
  MUFBasic.c
  MUFOperational.c
  MUFVariability.c
  P533.c
  PathMemory.c
  ReadIonParameters.c
  ReadP1239.c
  ReadType13.c
  ValidatePath.c
  Generating Code...
     Creating library C:\Users\cbehm\Documents\GitHub\ITU-HF\ITURHFProp\Win32\Combined\Debug\P533.lib and object C:\Users\cbehm\Documents\GitHub\ITU-HF\ITURHFProp\Win32\Combined\Debug\P533.exp
  P533.vcxproj -> C:\Users\cbehm\Documents\GitHub\ITU-HF\ITURHFProp\Win32\Combined\Debug\P533.dll
          1 file(s) copied.
          1 file(s) copied.
