---------------------------------------------------------------------------
 International Telecommunications Union - Radiocommunication Sector (ITU-R)
     ITURHFProp         Ver Mar 20 2025
     HF Model (P533)    Ver 14.2
     Noise Model (P372) Ver 14.3
     Analysis Prepared  Thu Mar 20 10:56:40 2025

---------------------------------------------------------------------------

***************************** P533 Input Parameters ****************************

	Test case ID 164: Year 78 Month 1
	Year          : 1978
	Month         : February
	Hour          : 8 (hour UTC)
	SSN (R12)     : 61
	Distance      : 0.000000 (km)
	dmax          : 4000.000000 (km)
	Tx power      : 0.000000
	Tx Location     CANBERRA
	Tx latitude   :  40.000000 N
	Tx longitude  :  10.000000 E
	Rx Location     LUECHOW
	Rx latitude   :  40.000000 N
	Rx longitude  :  10.000000 E
	local time Rx : 8 (hour UTC)
	local time Tx : 8 (hour UTC)
	Frequency     : 10.000000
	Bandwidth     : 6000.000000
	Modulation : ANALOG
	Required signal-to-noise ratio : 38.400000
	Required % of month signal-to-noise ratio :  43
	Required signal-to-interference ratio : 23.760000
	Man-made noise : RESIDENTIAL
	Antenna configuration : User determined
	Path Direction : SHORTPATH
	Transmit antenna               ISOTROPIC
	Transmit antenna bearing     : 0.000000
	Transmit antenna gain offset : 0.000000
	Receive antenna                ISOTROPIC
	Receive antenna bearing      : 0.000000
	Receive antenna gain offset  : 0.000000

************************ End P533 Input Parameters *****************************

************************** ITURHFP Input Parameters *****************************

	Upper left (North West) latitude   :  40.000000 N
	Upper left (North West) longitude  :  10.000000 E
	Lower right (South East) latitude  :  40.000000 N
	Lower right (South East) longitude :  10.000000 E
	Number of frequencies : 1
	Number of hours       : 1
	Number of months      : 1
	Latitude increment    : 1.000000 (deg)
	Longitude increment   : 1.000000 (deg)

************************** ITURHFP Input Parameters *****************************

******************************** Data Format ***********************************

Column 01: Month
Column 02: Hour
Column 03: Frequency (MHz)
Column 04: FaA - Atmospheric noise (dB)
Column 05: FaM - Man-made noise (dB)
Column 06: FaG - Galactic noise (dB)
Column 07: DuA - Upper decile deviation of atmospheric noise (dB)
Column 08: DlA - Lower decile deviation of atmospheric noise (dB)
Column 09: DuM - Upper decile deviation of man-made noise (dB)
Column 10: DlM - Lower decile deviation of man-made noise (dB)
Column 11: DuG - Upper decile deviation of galatic noise (dB)
Column 12: DlG - Lower decile deviation of galatic noise (dB)
Column 13: DuT - Upper decile deviation of total noise (dB)
Column 14: DlT - Lower decile deviation of total noise (dB)
Column 15: FamT - Total noise (dB)

************************** End Data Format ********************************

************************ Calculated Parameters ****************************

02, 08,   10.000,  34.24,  44.80,  29.00,   7.85,   6.46,  10.60,   5.30,   2.00,   2.00,  10.48,   4.93,  45.16

**************************End Calculated Parameters ***********************

